<?xml version="1.0" encoding="UTF-8"?>
<!-- Generated by org.testng.reporters.JUnitXMLReporter -->
<testsuite hostname="MacBook-Air.local" name="groups test" tests="6" failures="0" timestamp="15 Apr 2016 09:54:40 GMT" time="29.726" errors="0">
  <testcase name="verifyBranchCreation" time="4.423" classname="testng.TestExecution"/>
  <testcase name="verifyBracnhCreationReset" time="2.732" classname="testng.TestExecution"/>
  <testcase name="verifyBracnhCreationCancel" time="2.591" classname="testng.TestExecution"/>
  <testcase name="verifyEmployeeCreation" time="2.697" classname="testng.TestExecution"/>
  <testcase name="verifyRoleCreation" time="2.226" classname="testng.TestExecution"/>
  <testcase name="verifyBranchSearch" time="7.026" classname="testng.TestExecution"/>
</testsuite> <!-- groups test -->
