<?xml version="1.0" encoding="UTF-8"?>
<!-- Generated by org.testng.reporters.JUnitXMLReporter -->
<testsuite hostname="MacBook-Air.local" name="testng Test" tests="3" failures="0" timestamp="14 Apr 2016 12:16:20 GMT" time="0.035" errors="0">
  <testcase name="methodOne" time="0.005" classname="demo.Baseclass"/>
  <testcase name="methodThree" time="0.001" classname="sample.SampleClassTwo"/>
  <testcase name="methodThree" time="0.001" classname="demo.ClassTwo"/>
</testsuite> <!-- testng Test -->
