<?xml version="1.0" encoding="UTF-8"?>
<testng-results skipped="0" failed="0" total="1" passed="1">
  <reporter-output>
  </reporter-output>
  <suite name="Default suite" duration-ms="114553" started-at="2016-05-23T06:52:45Z" finished-at="2016-05-23T06:54:40Z">
    <groups>
    </groups>
    <test name="Default test" duration-ms="114553" started-at="2016-05-23T06:52:45Z" finished-at="2016-05-23T06:54:40Z">
      <class name="demo.WebTableExample">
        <test-method status="PASS" signature="launchApp()[pri:0, instance:demo.WebTableExample@7a79be86]" name="launchApp" is-config="true" duration-ms="6986" started-at="2016-05-23T12:22:45Z" finished-at="2016-05-23T12:22:52Z">
          <reporter-output>
          </reporter-output>
        </test-method> <!-- launchApp -->
        <test-method status="PASS" signature="webtableExp()[pri:0, instance:demo.WebTableExample@7a79be86]" name="webtableExp" duration-ms="107261" started-at="2016-05-23T12:22:52Z" finished-at="2016-05-23T12:24:39Z">
          <reporter-output>
          </reporter-output>
        </test-method> <!-- webtableExp -->
        <test-method status="PASS" signature="close()[pri:0, instance:demo.WebTableExample@7a79be86]" name="close" is-config="true" duration-ms="289" started-at="2016-05-23T12:24:39Z" finished-at="2016-05-23T12:24:40Z">
          <reporter-output>
          </reporter-output>
        </test-method> <!-- close -->
      </class> <!-- demo.WebTableExample -->
    </test> <!-- Default test -->
  </suite> <!-- Default suite -->
</testng-results>
