<?xml version="1.0" encoding="UTF-8"?>
<!-- Generated by org.testng.reporters.JUnitXMLReporter -->
<testsuite hostname="MacBook-Air.local" name="firefox" tests="5" failures="0" timestamp="15 Apr 2016 13:46:41 GMT" time="14.207" errors="0">
  <testcase name="testone" time="9.678" classname="sample.Sampleclass"/>
  <testcase name="methodThree" time="9.701" classname="sample.SampleClassTwo"/>
  <testcase name="methodThree" time="12.007" classname="sample.SampleClassTwo"/>
  <testcase name="testtwo" time="2.436" classname="sample.Sampleclass"/>
  <testcase name="methodThree" time="14.186" classname="sample.SampleClassTwo"/>
</testsuite> <!-- firefox -->
