<?xml version="1.0" encoding="UTF-8"?>
<!-- Generated by org.testng.reporters.JUnitXMLReporter -->
<testsuite hostname="MacBook-Air.local" name="parallel classes" tests="4" failures="0" timestamp="16 Apr 2016 02:45:36 GMT" time="5.26" errors="0">
  <testcase name="methodThree" time="0.006" classname="demo.ClassTwo"/>
  <testcase name="methodFour" time="0.001" classname="demo.ClassTwo"/>
  <testcase name="testone" time="1.696" classname="sample.Sampleclass"/>
  <testcase name="testtwo" time="0.985" classname="sample.Sampleclass"/>
</testsuite> <!-- parallel classes -->
