<?xml version="1.0" encoding="UTF-8"?>
<!-- Generated by org.testng.reporters.JUnitXMLReporter -->
<testsuite hostname="MacBook-Air.local" name="arnitha test" tests="5" failures="0" timestamp="2 May 2016 10:05:27 GMT" time="0.012" errors="0">
  <testcase name="methodOne" time="0.0" classname="demo.Baseclass"/>
  <testcase name="methodfive" time="0.001" classname="demo.Baseclass"/>
  <testcase name="methodSix" time="0.0" classname="demo.Baseclass"/>
  <testcase name="methodSeven" time="0.0" classname="demo.Baseclass"/>
  <testcase name="methodTwo" time="0.0" classname="demo.Baseclass"/>
</testsuite> <!-- arnitha test -->
